Estado 126 conflictos: 1 desplazamiento/reducci칩n
Estado 132 conflictos: 10 reducci칩n/reducci칩n


Gram치tica

    0 $accept: S $end

    1 S: MAIN B

    2 B: INIBLO Dvl Dss Ses ENDBLO

    3 Dvl: INIVAR Vl ENDVAR
    4    | %empty

    5 Vl: Vl Cdv
    6   | Cdv

    7 Cdv: TYPEVAR Lv SEMICOLON
    8    | LIST TYPEVAR Lv SEMICOLON

    9 Lv: Lv COMMA ID
   10   | ID
   11   | error

   12 Dss: Dss Ds
   13    | %empty

   14 Ds: Cs B

   15 Cs: Dc ID INIPA Pa ENDPA
   16   | Dc ID INIPA ENDPA
   17   | error

   18 Dc: LIST TYPEVAR
   19   | TYPEVAR

   20 Pa: Pa COMMA Dc ID
   21   | Dc ID

   22 Ses: Ses Se
   23    | Se

   24 Se: B
   25   | ID ASIGN Exp SEMICOLON
   26   | IF INIPA Exp ENDPA Se
   27   | IF INIPA Exp ENDPA Se ELSE Se
   28   | WHILE INIPA Exp ENDPA Se
   29   | FOR ID ASIGN Exp ITEFOR Exp DO Se
   30   | READ Lvread SEMICOLON
   31   | PRINT Lec SEMICOLON
   32   | RETURN Exp SEMICOLON
   33   | Exp LISTOP1
   34   | LISTOP2 Exp

   35 Lvread: WORD COMMA Lv
   36       | Lv

   37 Exp: INIPA Exp ENDPA
   38    | UNARI Exp
   39    | ADDITION Exp
   40    | Exp ADDITION Exp
   41    | Exp ATSIGN Exp
   42    | Exp MINMIN Exp
   43    | Exp COMPAR Exp
   44    | Exp EQUALS Exp
   45    | Exp ORLOG Exp
   46    | Exp ANDLOG Exp
   47    | Exp EXOR Exp
   48    | Exp MULTI Exp
   49    | Exp CONCATENATE Exp
   50    | Exp PLUSPLUS Exp ATSIGN Exp
   51    | ID INIPA Vle ENDPA
   52    | ID
   53    | CONSTANT
   54    | INISQR lc ENDSQR
   55    | error

   56 lc: lc COMMA CONSTANT
   57   | CONSTANT

   58 Lec: Lec COMMA Exp
   59    | Lec COMMA WORD
   60    | Exp
   61    | WORD

   62 Vle: Le
   63    | %empty

   64 Le: Le COMMA Exp
   65   | Exp


Terminales con las reglas donde aparecen

    $end (0) 0
    error (256) 11 17 55
    UNARI (258) 38
    ADDITION (259) 39 40
    LISTOP2 (260) 34
    MINMIN (261) 42
    PLUSPLUS (262) 50
    ATSIGN (263) 41 50
    MAIN (264) 1
    INIBLO (265) 2
    ENDBLO (266) 2
    INIVAR (267) 3
    ENDVAR (268) 3
    TYPEVAR (269) 7 8 18 19
    SEMICOLON (270) 7 8 25 30 31 32
    COMMA (271) 9 20 35 56 58 59 64
    ID (272) 9 10 15 16 20 21 25 29 51 52
    INIPA (273) 15 16 26 27 28 37 51
    ENDPA (274) 15 16 26 27 28 37 51
    LIST (275) 8 18
    IF (276) 26 27
    ELSE (277) 27
    FOR (278) 29
    WHILE (279) 28
    ASIGN (280) 25 29
    ITEFOR (281) 29
    DO (282) 29
    READ (283) 30
    PRINT (284) 31
    RETURN (285) 32
    CONSTANT (286) 53 56 57
    WORD (287) 35 59 61
    INISQR (288) 54
    ENDSQR (289) 54
    CONCATENATE (290) 49
    ORLOG (291) 45
    ANDLOG (292) 46
    EXOR (293) 47
    EQUALS (294) 44
    COMPAR (295) 43
    MULTI (296) 48
    LISTOP1 (297) 33


No terminales con las reglas donde aparecen

    $accept (43)
        on left: 0
    S (44)
        on left: 1
        on right: 0
    B (45)
        on left: 2
        on right: 1 14 24
    Dvl (46)
        on left: 3 4
        on right: 2
    Vl (47)
        on left: 5 6
        on right: 3 5
    Cdv (48)
        on left: 7 8
        on right: 5 6
    Lv (49)
        on left: 9 10 11
        on right: 7 8 9 35 36
    Dss (50)
        on left: 12 13
        on right: 2 12
    Ds (51)
        on left: 14
        on right: 12
    Cs (52)
        on left: 15 16 17
        on right: 14
    Dc (53)
        on left: 18 19
        on right: 15 16 20 21
    Pa (54)
        on left: 20 21
        on right: 15 20
    Ses (55)
        on left: 22 23
        on right: 2 22
    Se (56)
        on left: 24 25 26 27 28 29 30 31 32 33 34
        on right: 22 23 26 27 28 29
    Lvread (57)
        on left: 35 36
        on right: 30
    Exp (58)
        on left: 37 38 39 40 41 42 43 44 45 46 47 48 49 50 51 52 53 54 55
        on right: 25 26 27 28 29 32 33 34 37 38 39 40 41 42 43 44 45 46 47 48 49 50 58 60 64 65
    lc (59)
        on left: 56 57
        on right: 54 56
    Lec (60)
        on left: 58 59 60 61
        on right: 31 58 59
    Vle (61)
        on left: 62 63
        on right: 51
    Le (62)
        on left: 64 65
        on right: 62 64


Estado 0

    0 $accept: . S $end

    MAIN  desplazar e ir al estado 1

    S  ir al estado 2


Estado 1

    1 S: MAIN . B

    INIBLO  desplazar e ir al estado 3

    B  ir al estado 4


Estado 2

    0 $accept: S . $end

    $end  desplazar e ir al estado 5


Estado 3

    2 B: INIBLO . Dvl Dss Ses ENDBLO

    INIVAR  desplazar e ir al estado 6

    $default  reduce usando la regla 4 (Dvl)

    Dvl  ir al estado 7


Estado 4

    1 S: MAIN B .

    $default  reduce usando la regla 1 (S)


Estado 5

    0 $accept: S $end .

    $default  aceptar


Estado 6

    3 Dvl: INIVAR . Vl ENDVAR

    TYPEVAR  desplazar e ir al estado 8
    LIST     desplazar e ir al estado 9

    Vl   ir al estado 10
    Cdv  ir al estado 11


Estado 7

    2 B: INIBLO Dvl . Dss Ses ENDBLO

    $default  reduce usando la regla 13 (Dss)

    Dss  ir al estado 12


Estado 8

    7 Cdv: TYPEVAR . Lv SEMICOLON

    error  desplazar e ir al estado 13
    ID     desplazar e ir al estado 14

    Lv  ir al estado 15


Estado 9

    8 Cdv: LIST . TYPEVAR Lv SEMICOLON

    TYPEVAR  desplazar e ir al estado 16


Estado 10

    3 Dvl: INIVAR Vl . ENDVAR
    5 Vl: Vl . Cdv

    ENDVAR   desplazar e ir al estado 17
    TYPEVAR  desplazar e ir al estado 8
    LIST     desplazar e ir al estado 9

    Cdv  ir al estado 18


Estado 11

    6 Vl: Cdv .

    $default  reduce usando la regla 6 (Vl)


Estado 12

    2 B: INIBLO Dvl Dss . Ses ENDBLO
   12 Dss: Dss . Ds

    error     desplazar e ir al estado 19
    UNARI     desplazar e ir al estado 20
    ADDITION  desplazar e ir al estado 21
    LISTOP2   desplazar e ir al estado 22
    INIBLO    desplazar e ir al estado 3
    TYPEVAR   desplazar e ir al estado 23
    ID        desplazar e ir al estado 24
    INIPA     desplazar e ir al estado 25
    LIST      desplazar e ir al estado 26
    IF        desplazar e ir al estado 27
    FOR       desplazar e ir al estado 28
    WHILE     desplazar e ir al estado 29
    READ      desplazar e ir al estado 30
    PRINT     desplazar e ir al estado 31
    RETURN    desplazar e ir al estado 32
    CONSTANT  desplazar e ir al estado 33
    INISQR    desplazar e ir al estado 34

    B    ir al estado 35
    Ds   ir al estado 36
    Cs   ir al estado 37
    Dc   ir al estado 38
    Ses  ir al estado 39
    Se   ir al estado 40
    Exp  ir al estado 41


Estado 13

   11 Lv: error .

    $default  reduce usando la regla 11 (Lv)


Estado 14

   10 Lv: ID .

    $default  reduce usando la regla 10 (Lv)


Estado 15

    7 Cdv: TYPEVAR Lv . SEMICOLON
    9 Lv: Lv . COMMA ID

    SEMICOLON  desplazar e ir al estado 42
    COMMA      desplazar e ir al estado 43


Estado 16

    8 Cdv: LIST TYPEVAR . Lv SEMICOLON

    error  desplazar e ir al estado 13
    ID     desplazar e ir al estado 14

    Lv  ir al estado 44


Estado 17

    3 Dvl: INIVAR Vl ENDVAR .

    $default  reduce usando la regla 3 (Dvl)


Estado 18

    5 Vl: Vl Cdv .

    $default  reduce usando la regla 5 (Vl)


Estado 19

   17 Cs: error .
   55 Exp: error .

    INIBLO    reduce usando la regla 17 (Cs)
    $default  reduce usando la regla 55 (Exp)


Estado 20

   38 Exp: UNARI . Exp

    error     desplazar e ir al estado 45
    UNARI     desplazar e ir al estado 20
    ADDITION  desplazar e ir al estado 21
    ID        desplazar e ir al estado 46
    INIPA     desplazar e ir al estado 25
    CONSTANT  desplazar e ir al estado 33
    INISQR    desplazar e ir al estado 34

    Exp  ir al estado 47


Estado 21

   39 Exp: ADDITION . Exp

    error     desplazar e ir al estado 45
    UNARI     desplazar e ir al estado 20
    ADDITION  desplazar e ir al estado 21
    ID        desplazar e ir al estado 46
    INIPA     desplazar e ir al estado 25
    CONSTANT  desplazar e ir al estado 33
    INISQR    desplazar e ir al estado 34

    Exp  ir al estado 48


Estado 22

   34 Se: LISTOP2 . Exp

    error     desplazar e ir al estado 45
    UNARI     desplazar e ir al estado 20
    ADDITION  desplazar e ir al estado 21
    ID        desplazar e ir al estado 46
    INIPA     desplazar e ir al estado 25
    CONSTANT  desplazar e ir al estado 33
    INISQR    desplazar e ir al estado 34

    Exp  ir al estado 49


Estado 23

   19 Dc: TYPEVAR .

    $default  reduce usando la regla 19 (Dc)


Estado 24

   25 Se: ID . ASIGN Exp SEMICOLON
   51 Exp: ID . INIPA Vle ENDPA
   52    | ID .

    INIPA  desplazar e ir al estado 50
    ASIGN  desplazar e ir al estado 51

    $default  reduce usando la regla 52 (Exp)


Estado 25

   37 Exp: INIPA . Exp ENDPA

    error     desplazar e ir al estado 45
    UNARI     desplazar e ir al estado 20
    ADDITION  desplazar e ir al estado 21
    ID        desplazar e ir al estado 46
    INIPA     desplazar e ir al estado 25
    CONSTANT  desplazar e ir al estado 33
    INISQR    desplazar e ir al estado 34

    Exp  ir al estado 52


Estado 26

   18 Dc: LIST . TYPEVAR

    TYPEVAR  desplazar e ir al estado 53


Estado 27

   26 Se: IF . INIPA Exp ENDPA Se
   27   | IF . INIPA Exp ENDPA Se ELSE Se

    INIPA  desplazar e ir al estado 54


Estado 28

   29 Se: FOR . ID ASIGN Exp ITEFOR Exp DO Se

    ID  desplazar e ir al estado 55


Estado 29

   28 Se: WHILE . INIPA Exp ENDPA Se

    INIPA  desplazar e ir al estado 56


Estado 30

   30 Se: READ . Lvread SEMICOLON

    error  desplazar e ir al estado 13
    ID     desplazar e ir al estado 14
    WORD   desplazar e ir al estado 57

    Lv      ir al estado 58
    Lvread  ir al estado 59


Estado 31

   31 Se: PRINT . Lec SEMICOLON

    error     desplazar e ir al estado 45
    UNARI     desplazar e ir al estado 20
    ADDITION  desplazar e ir al estado 21
    ID        desplazar e ir al estado 46
    INIPA     desplazar e ir al estado 25
    CONSTANT  desplazar e ir al estado 33
    WORD      desplazar e ir al estado 60
    INISQR    desplazar e ir al estado 34

    Exp  ir al estado 61
    Lec  ir al estado 62


Estado 32

   32 Se: RETURN . Exp SEMICOLON

    error     desplazar e ir al estado 45
    UNARI     desplazar e ir al estado 20
    ADDITION  desplazar e ir al estado 21
    ID        desplazar e ir al estado 46
    INIPA     desplazar e ir al estado 25
    CONSTANT  desplazar e ir al estado 33
    INISQR    desplazar e ir al estado 34

    Exp  ir al estado 63


Estado 33

   53 Exp: CONSTANT .

    $default  reduce usando la regla 53 (Exp)


Estado 34

   54 Exp: INISQR . lc ENDSQR

    CONSTANT  desplazar e ir al estado 64

    lc  ir al estado 65


Estado 35

   24 Se: B .

    $default  reduce usando la regla 24 (Se)


Estado 36

   12 Dss: Dss Ds .

    $default  reduce usando la regla 12 (Dss)


Estado 37

   14 Ds: Cs . B

    INIBLO  desplazar e ir al estado 3

    B  ir al estado 66


Estado 38

   15 Cs: Dc . ID INIPA Pa ENDPA
   16   | Dc . ID INIPA ENDPA

    ID  desplazar e ir al estado 67


Estado 39

    2 B: INIBLO Dvl Dss Ses . ENDBLO
   22 Ses: Ses . Se

    error     desplazar e ir al estado 45
    UNARI     desplazar e ir al estado 20
    ADDITION  desplazar e ir al estado 21
    LISTOP2   desplazar e ir al estado 22
    INIBLO    desplazar e ir al estado 3
    ENDBLO    desplazar e ir al estado 68
    ID        desplazar e ir al estado 24
    INIPA     desplazar e ir al estado 25
    IF        desplazar e ir al estado 27
    FOR       desplazar e ir al estado 28
    WHILE     desplazar e ir al estado 29
    READ      desplazar e ir al estado 30
    PRINT     desplazar e ir al estado 31
    RETURN    desplazar e ir al estado 32
    CONSTANT  desplazar e ir al estado 33
    INISQR    desplazar e ir al estado 34

    B    ir al estado 35
    Se   ir al estado 69
    Exp  ir al estado 41


Estado 40

   23 Ses: Se .

    $default  reduce usando la regla 23 (Ses)


Estado 41

   33 Se: Exp . LISTOP1
   40 Exp: Exp . ADDITION Exp
   41    | Exp . ATSIGN Exp
   42    | Exp . MINMIN Exp
   43    | Exp . COMPAR Exp
   44    | Exp . EQUALS Exp
   45    | Exp . ORLOG Exp
   46    | Exp . ANDLOG Exp
   47    | Exp . EXOR Exp
   48    | Exp . MULTI Exp
   49    | Exp . CONCATENATE Exp
   50    | Exp . PLUSPLUS Exp ATSIGN Exp

    ADDITION     desplazar e ir al estado 70
    MINMIN       desplazar e ir al estado 71
    PLUSPLUS     desplazar e ir al estado 72
    ATSIGN       desplazar e ir al estado 73
    CONCATENATE  desplazar e ir al estado 74
    ORLOG        desplazar e ir al estado 75
    ANDLOG       desplazar e ir al estado 76
    EXOR         desplazar e ir al estado 77
    EQUALS       desplazar e ir al estado 78
    COMPAR       desplazar e ir al estado 79
    MULTI        desplazar e ir al estado 80
    LISTOP1      desplazar e ir al estado 81


Estado 42

    7 Cdv: TYPEVAR Lv SEMICOLON .

    $default  reduce usando la regla 7 (Cdv)


Estado 43

    9 Lv: Lv COMMA . ID

    ID  desplazar e ir al estado 82


Estado 44

    8 Cdv: LIST TYPEVAR Lv . SEMICOLON
    9 Lv: Lv . COMMA ID

    SEMICOLON  desplazar e ir al estado 83
    COMMA      desplazar e ir al estado 43


Estado 45

   55 Exp: error .

    $default  reduce usando la regla 55 (Exp)


Estado 46

   51 Exp: ID . INIPA Vle ENDPA
   52    | ID .

    INIPA  desplazar e ir al estado 50

    $default  reduce usando la regla 52 (Exp)


Estado 47

   38 Exp: UNARI Exp .
   40    | Exp . ADDITION Exp
   41    | Exp . ATSIGN Exp
   42    | Exp . MINMIN Exp
   43    | Exp . COMPAR Exp
   44    | Exp . EQUALS Exp
   45    | Exp . ORLOG Exp
   46    | Exp . ANDLOG Exp
   47    | Exp . EXOR Exp
   48    | Exp . MULTI Exp
   49    | Exp . CONCATENATE Exp
   50    | Exp . PLUSPLUS Exp ATSIGN Exp

    ATSIGN  desplazar e ir al estado 73

    $default  reduce usando la regla 38 (Exp)


Estado 48

   39 Exp: ADDITION Exp .
   40    | Exp . ADDITION Exp
   41    | Exp . ATSIGN Exp
   42    | Exp . MINMIN Exp
   43    | Exp . COMPAR Exp
   44    | Exp . EQUALS Exp
   45    | Exp . ORLOG Exp
   46    | Exp . ANDLOG Exp
   47    | Exp . EXOR Exp
   48    | Exp . MULTI Exp
   49    | Exp . CONCATENATE Exp
   50    | Exp . PLUSPLUS Exp ATSIGN Exp

    ATSIGN  desplazar e ir al estado 73

    $default  reduce usando la regla 39 (Exp)


Estado 49

   34 Se: LISTOP2 Exp .
   40 Exp: Exp . ADDITION Exp
   41    | Exp . ATSIGN Exp
   42    | Exp . MINMIN Exp
   43    | Exp . COMPAR Exp
   44    | Exp . EQUALS Exp
   45    | Exp . ORLOG Exp
   46    | Exp . ANDLOG Exp
   47    | Exp . EXOR Exp
   48    | Exp . MULTI Exp
   49    | Exp . CONCATENATE Exp
   50    | Exp . PLUSPLUS Exp ATSIGN Exp

    MINMIN       desplazar e ir al estado 71
    PLUSPLUS     desplazar e ir al estado 72
    ATSIGN       desplazar e ir al estado 73
    CONCATENATE  desplazar e ir al estado 74
    ORLOG        desplazar e ir al estado 75
    ANDLOG       desplazar e ir al estado 76
    EXOR         desplazar e ir al estado 77
    EQUALS       desplazar e ir al estado 78
    COMPAR       desplazar e ir al estado 79
    MULTI        desplazar e ir al estado 80

    $default  reduce usando la regla 34 (Se)


Estado 50

   51 Exp: ID INIPA . Vle ENDPA

    error     desplazar e ir al estado 45
    UNARI     desplazar e ir al estado 20
    ADDITION  desplazar e ir al estado 21
    ID        desplazar e ir al estado 46
    INIPA     desplazar e ir al estado 25
    CONSTANT  desplazar e ir al estado 33
    INISQR    desplazar e ir al estado 34

    ENDPA  reduce usando la regla 63 (Vle)

    Exp  ir al estado 84
    Vle  ir al estado 85
    Le   ir al estado 86


Estado 51

   25 Se: ID ASIGN . Exp SEMICOLON

    error     desplazar e ir al estado 45
    UNARI     desplazar e ir al estado 20
    ADDITION  desplazar e ir al estado 21
    ID        desplazar e ir al estado 46
    INIPA     desplazar e ir al estado 25
    CONSTANT  desplazar e ir al estado 33
    INISQR    desplazar e ir al estado 34

    Exp  ir al estado 87


Estado 52

   37 Exp: INIPA Exp . ENDPA
   40    | Exp . ADDITION Exp
   41    | Exp . ATSIGN Exp
   42    | Exp . MINMIN Exp
   43    | Exp . COMPAR Exp
   44    | Exp . EQUALS Exp
   45    | Exp . ORLOG Exp
   46    | Exp . ANDLOG Exp
   47    | Exp . EXOR Exp
   48    | Exp . MULTI Exp
   49    | Exp . CONCATENATE Exp
   50    | Exp . PLUSPLUS Exp ATSIGN Exp

    ADDITION     desplazar e ir al estado 70
    MINMIN       desplazar e ir al estado 71
    PLUSPLUS     desplazar e ir al estado 72
    ATSIGN       desplazar e ir al estado 73
    ENDPA        desplazar e ir al estado 88
    CONCATENATE  desplazar e ir al estado 74
    ORLOG        desplazar e ir al estado 75
    ANDLOG       desplazar e ir al estado 76
    EXOR         desplazar e ir al estado 77
    EQUALS       desplazar e ir al estado 78
    COMPAR       desplazar e ir al estado 79
    MULTI        desplazar e ir al estado 80


Estado 53

   18 Dc: LIST TYPEVAR .

    $default  reduce usando la regla 18 (Dc)


Estado 54

   26 Se: IF INIPA . Exp ENDPA Se
   27   | IF INIPA . Exp ENDPA Se ELSE Se

    error     desplazar e ir al estado 45
    UNARI     desplazar e ir al estado 20
    ADDITION  desplazar e ir al estado 21
    ID        desplazar e ir al estado 46
    INIPA     desplazar e ir al estado 25
    CONSTANT  desplazar e ir al estado 33
    INISQR    desplazar e ir al estado 34

    Exp  ir al estado 89


Estado 55

   29 Se: FOR ID . ASIGN Exp ITEFOR Exp DO Se

    ASIGN  desplazar e ir al estado 90


Estado 56

   28 Se: WHILE INIPA . Exp ENDPA Se

    error     desplazar e ir al estado 45
    UNARI     desplazar e ir al estado 20
    ADDITION  desplazar e ir al estado 21
    ID        desplazar e ir al estado 46
    INIPA     desplazar e ir al estado 25
    CONSTANT  desplazar e ir al estado 33
    INISQR    desplazar e ir al estado 34

    Exp  ir al estado 91


Estado 57

   35 Lvread: WORD . COMMA Lv

    COMMA  desplazar e ir al estado 92


Estado 58

    9 Lv: Lv . COMMA ID
   36 Lvread: Lv .

    COMMA  desplazar e ir al estado 43

    $default  reduce usando la regla 36 (Lvread)


Estado 59

   30 Se: READ Lvread . SEMICOLON

    SEMICOLON  desplazar e ir al estado 93


Estado 60

   61 Lec: WORD .

    $default  reduce usando la regla 61 (Lec)


Estado 61

   40 Exp: Exp . ADDITION Exp
   41    | Exp . ATSIGN Exp
   42    | Exp . MINMIN Exp
   43    | Exp . COMPAR Exp
   44    | Exp . EQUALS Exp
   45    | Exp . ORLOG Exp
   46    | Exp . ANDLOG Exp
   47    | Exp . EXOR Exp
   48    | Exp . MULTI Exp
   49    | Exp . CONCATENATE Exp
   50    | Exp . PLUSPLUS Exp ATSIGN Exp
   60 Lec: Exp .

    ADDITION     desplazar e ir al estado 70
    MINMIN       desplazar e ir al estado 71
    PLUSPLUS     desplazar e ir al estado 72
    ATSIGN       desplazar e ir al estado 73
    CONCATENATE  desplazar e ir al estado 74
    ORLOG        desplazar e ir al estado 75
    ANDLOG       desplazar e ir al estado 76
    EXOR         desplazar e ir al estado 77
    EQUALS       desplazar e ir al estado 78
    COMPAR       desplazar e ir al estado 79
    MULTI        desplazar e ir al estado 80

    $default  reduce usando la regla 60 (Lec)


Estado 62

   31 Se: PRINT Lec . SEMICOLON
   58 Lec: Lec . COMMA Exp
   59    | Lec . COMMA WORD

    SEMICOLON  desplazar e ir al estado 94
    COMMA      desplazar e ir al estado 95


Estado 63

   32 Se: RETURN Exp . SEMICOLON
   40 Exp: Exp . ADDITION Exp
   41    | Exp . ATSIGN Exp
   42    | Exp . MINMIN Exp
   43    | Exp . COMPAR Exp
   44    | Exp . EQUALS Exp
   45    | Exp . ORLOG Exp
   46    | Exp . ANDLOG Exp
   47    | Exp . EXOR Exp
   48    | Exp . MULTI Exp
   49    | Exp . CONCATENATE Exp
   50    | Exp . PLUSPLUS Exp ATSIGN Exp

    ADDITION     desplazar e ir al estado 70
    MINMIN       desplazar e ir al estado 71
    PLUSPLUS     desplazar e ir al estado 72
    ATSIGN       desplazar e ir al estado 73
    SEMICOLON    desplazar e ir al estado 96
    CONCATENATE  desplazar e ir al estado 74
    ORLOG        desplazar e ir al estado 75
    ANDLOG       desplazar e ir al estado 76
    EXOR         desplazar e ir al estado 77
    EQUALS       desplazar e ir al estado 78
    COMPAR       desplazar e ir al estado 79
    MULTI        desplazar e ir al estado 80


Estado 64

   57 lc: CONSTANT .

    $default  reduce usando la regla 57 (lc)


Estado 65

   54 Exp: INISQR lc . ENDSQR
   56 lc: lc . COMMA CONSTANT

    COMMA   desplazar e ir al estado 97
    ENDSQR  desplazar e ir al estado 98


Estado 66

   14 Ds: Cs B .

    $default  reduce usando la regla 14 (Ds)


Estado 67

   15 Cs: Dc ID . INIPA Pa ENDPA
   16   | Dc ID . INIPA ENDPA

    INIPA  desplazar e ir al estado 99


Estado 68

    2 B: INIBLO Dvl Dss Ses ENDBLO .

    $default  reduce usando la regla 2 (B)


Estado 69

   22 Ses: Ses Se .

    $default  reduce usando la regla 22 (Ses)


Estado 70

   40 Exp: Exp ADDITION . Exp

    error     desplazar e ir al estado 45
    UNARI     desplazar e ir al estado 20
    ADDITION  desplazar e ir al estado 21
    ID        desplazar e ir al estado 46
    INIPA     desplazar e ir al estado 25
    CONSTANT  desplazar e ir al estado 33
    INISQR    desplazar e ir al estado 34

    Exp  ir al estado 100


Estado 71

   42 Exp: Exp MINMIN . Exp

    error     desplazar e ir al estado 45
    UNARI     desplazar e ir al estado 20
    ADDITION  desplazar e ir al estado 21
    ID        desplazar e ir al estado 46
    INIPA     desplazar e ir al estado 25
    CONSTANT  desplazar e ir al estado 33
    INISQR    desplazar e ir al estado 34

    Exp  ir al estado 101


Estado 72

   50 Exp: Exp PLUSPLUS . Exp ATSIGN Exp

    error     desplazar e ir al estado 45
    UNARI     desplazar e ir al estado 20
    ADDITION  desplazar e ir al estado 21
    ID        desplazar e ir al estado 46
    INIPA     desplazar e ir al estado 25
    CONSTANT  desplazar e ir al estado 33
    INISQR    desplazar e ir al estado 34

    Exp  ir al estado 102


Estado 73

   41 Exp: Exp ATSIGN . Exp

    error     desplazar e ir al estado 45
    UNARI     desplazar e ir al estado 20
    ADDITION  desplazar e ir al estado 21
    ID        desplazar e ir al estado 46
    INIPA     desplazar e ir al estado 25
    CONSTANT  desplazar e ir al estado 33
    INISQR    desplazar e ir al estado 34

    Exp  ir al estado 103


Estado 74

   49 Exp: Exp CONCATENATE . Exp

    error     desplazar e ir al estado 45
    UNARI     desplazar e ir al estado 20
    ADDITION  desplazar e ir al estado 21
    ID        desplazar e ir al estado 46
    INIPA     desplazar e ir al estado 25
    CONSTANT  desplazar e ir al estado 33
    INISQR    desplazar e ir al estado 34

    Exp  ir al estado 104


Estado 75

   45 Exp: Exp ORLOG . Exp

    error     desplazar e ir al estado 45
    UNARI     desplazar e ir al estado 20
    ADDITION  desplazar e ir al estado 21
    ID        desplazar e ir al estado 46
    INIPA     desplazar e ir al estado 25
    CONSTANT  desplazar e ir al estado 33
    INISQR    desplazar e ir al estado 34

    Exp  ir al estado 105


Estado 76

   46 Exp: Exp ANDLOG . Exp

    error     desplazar e ir al estado 45
    UNARI     desplazar e ir al estado 20
    ADDITION  desplazar e ir al estado 21
    ID        desplazar e ir al estado 46
    INIPA     desplazar e ir al estado 25
    CONSTANT  desplazar e ir al estado 33
    INISQR    desplazar e ir al estado 34

    Exp  ir al estado 106


Estado 77

   47 Exp: Exp EXOR . Exp

    error     desplazar e ir al estado 45
    UNARI     desplazar e ir al estado 20
    ADDITION  desplazar e ir al estado 21
    ID        desplazar e ir al estado 46
    INIPA     desplazar e ir al estado 25
    CONSTANT  desplazar e ir al estado 33
    INISQR    desplazar e ir al estado 34

    Exp  ir al estado 107


Estado 78

   44 Exp: Exp EQUALS . Exp

    error     desplazar e ir al estado 45
    UNARI     desplazar e ir al estado 20
    ADDITION  desplazar e ir al estado 21
    ID        desplazar e ir al estado 46
    INIPA     desplazar e ir al estado 25
    CONSTANT  desplazar e ir al estado 33
    INISQR    desplazar e ir al estado 34

    Exp  ir al estado 108


Estado 79

   43 Exp: Exp COMPAR . Exp

    error     desplazar e ir al estado 45
    UNARI     desplazar e ir al estado 20
    ADDITION  desplazar e ir al estado 21
    ID        desplazar e ir al estado 46
    INIPA     desplazar e ir al estado 25
    CONSTANT  desplazar e ir al estado 33
    INISQR    desplazar e ir al estado 34

    Exp  ir al estado 109


Estado 80

   48 Exp: Exp MULTI . Exp

    error     desplazar e ir al estado 45
    UNARI     desplazar e ir al estado 20
    ADDITION  desplazar e ir al estado 21
    ID        desplazar e ir al estado 46
    INIPA     desplazar e ir al estado 25
    CONSTANT  desplazar e ir al estado 33
    INISQR    desplazar e ir al estado 34

    Exp  ir al estado 110


Estado 81

   33 Se: Exp LISTOP1 .

    $default  reduce usando la regla 33 (Se)


Estado 82

    9 Lv: Lv COMMA ID .

    $default  reduce usando la regla 9 (Lv)


Estado 83

    8 Cdv: LIST TYPEVAR Lv SEMICOLON .

    $default  reduce usando la regla 8 (Cdv)


Estado 84

   40 Exp: Exp . ADDITION Exp
   41    | Exp . ATSIGN Exp
   42    | Exp . MINMIN Exp
   43    | Exp . COMPAR Exp
   44    | Exp . EQUALS Exp
   45    | Exp . ORLOG Exp
   46    | Exp . ANDLOG Exp
   47    | Exp . EXOR Exp
   48    | Exp . MULTI Exp
   49    | Exp . CONCATENATE Exp
   50    | Exp . PLUSPLUS Exp ATSIGN Exp
   65 Le: Exp .

    ADDITION     desplazar e ir al estado 70
    MINMIN       desplazar e ir al estado 71
    PLUSPLUS     desplazar e ir al estado 72
    ATSIGN       desplazar e ir al estado 73
    CONCATENATE  desplazar e ir al estado 74
    ORLOG        desplazar e ir al estado 75
    ANDLOG       desplazar e ir al estado 76
    EXOR         desplazar e ir al estado 77
    EQUALS       desplazar e ir al estado 78
    COMPAR       desplazar e ir al estado 79
    MULTI        desplazar e ir al estado 80

    $default  reduce usando la regla 65 (Le)


Estado 85

   51 Exp: ID INIPA Vle . ENDPA

    ENDPA  desplazar e ir al estado 111


Estado 86

   62 Vle: Le .
   64 Le: Le . COMMA Exp

    COMMA  desplazar e ir al estado 112

    $default  reduce usando la regla 62 (Vle)


Estado 87

   25 Se: ID ASIGN Exp . SEMICOLON
   40 Exp: Exp . ADDITION Exp
   41    | Exp . ATSIGN Exp
   42    | Exp . MINMIN Exp
   43    | Exp . COMPAR Exp
   44    | Exp . EQUALS Exp
   45    | Exp . ORLOG Exp
   46    | Exp . ANDLOG Exp
   47    | Exp . EXOR Exp
   48    | Exp . MULTI Exp
   49    | Exp . CONCATENATE Exp
   50    | Exp . PLUSPLUS Exp ATSIGN Exp

    ADDITION     desplazar e ir al estado 70
    MINMIN       desplazar e ir al estado 71
    PLUSPLUS     desplazar e ir al estado 72
    ATSIGN       desplazar e ir al estado 73
    SEMICOLON    desplazar e ir al estado 113
    CONCATENATE  desplazar e ir al estado 74
    ORLOG        desplazar e ir al estado 75
    ANDLOG       desplazar e ir al estado 76
    EXOR         desplazar e ir al estado 77
    EQUALS       desplazar e ir al estado 78
    COMPAR       desplazar e ir al estado 79
    MULTI        desplazar e ir al estado 80


Estado 88

   37 Exp: INIPA Exp ENDPA .

    $default  reduce usando la regla 37 (Exp)


Estado 89

   26 Se: IF INIPA Exp . ENDPA Se
   27   | IF INIPA Exp . ENDPA Se ELSE Se
   40 Exp: Exp . ADDITION Exp
   41    | Exp . ATSIGN Exp
   42    | Exp . MINMIN Exp
   43    | Exp . COMPAR Exp
   44    | Exp . EQUALS Exp
   45    | Exp . ORLOG Exp
   46    | Exp . ANDLOG Exp
   47    | Exp . EXOR Exp
   48    | Exp . MULTI Exp
   49    | Exp . CONCATENATE Exp
   50    | Exp . PLUSPLUS Exp ATSIGN Exp

    ADDITION     desplazar e ir al estado 70
    MINMIN       desplazar e ir al estado 71
    PLUSPLUS     desplazar e ir al estado 72
    ATSIGN       desplazar e ir al estado 73
    ENDPA        desplazar e ir al estado 114
    CONCATENATE  desplazar e ir al estado 74
    ORLOG        desplazar e ir al estado 75
    ANDLOG       desplazar e ir al estado 76
    EXOR         desplazar e ir al estado 77
    EQUALS       desplazar e ir al estado 78
    COMPAR       desplazar e ir al estado 79
    MULTI        desplazar e ir al estado 80


Estado 90

   29 Se: FOR ID ASIGN . Exp ITEFOR Exp DO Se

    error     desplazar e ir al estado 45
    UNARI     desplazar e ir al estado 20
    ADDITION  desplazar e ir al estado 21
    ID        desplazar e ir al estado 46
    INIPA     desplazar e ir al estado 25
    CONSTANT  desplazar e ir al estado 33
    INISQR    desplazar e ir al estado 34

    Exp  ir al estado 115


Estado 91

   28 Se: WHILE INIPA Exp . ENDPA Se
   40 Exp: Exp . ADDITION Exp
   41    | Exp . ATSIGN Exp
   42    | Exp . MINMIN Exp
   43    | Exp . COMPAR Exp
   44    | Exp . EQUALS Exp
   45    | Exp . ORLOG Exp
   46    | Exp . ANDLOG Exp
   47    | Exp . EXOR Exp
   48    | Exp . MULTI Exp
   49    | Exp . CONCATENATE Exp
   50    | Exp . PLUSPLUS Exp ATSIGN Exp

    ADDITION     desplazar e ir al estado 70
    MINMIN       desplazar e ir al estado 71
    PLUSPLUS     desplazar e ir al estado 72
    ATSIGN       desplazar e ir al estado 73
    ENDPA        desplazar e ir al estado 116
    CONCATENATE  desplazar e ir al estado 74
    ORLOG        desplazar e ir al estado 75
    ANDLOG       desplazar e ir al estado 76
    EXOR         desplazar e ir al estado 77
    EQUALS       desplazar e ir al estado 78
    COMPAR       desplazar e ir al estado 79
    MULTI        desplazar e ir al estado 80


Estado 92

   35 Lvread: WORD COMMA . Lv

    error  desplazar e ir al estado 13
    ID     desplazar e ir al estado 14

    Lv  ir al estado 117


Estado 93

   30 Se: READ Lvread SEMICOLON .

    $default  reduce usando la regla 30 (Se)


Estado 94

   31 Se: PRINT Lec SEMICOLON .

    $default  reduce usando la regla 31 (Se)


Estado 95

   58 Lec: Lec COMMA . Exp
   59    | Lec COMMA . WORD

    error     desplazar e ir al estado 45
    UNARI     desplazar e ir al estado 20
    ADDITION  desplazar e ir al estado 21
    ID        desplazar e ir al estado 46
    INIPA     desplazar e ir al estado 25
    CONSTANT  desplazar e ir al estado 33
    WORD      desplazar e ir al estado 118
    INISQR    desplazar e ir al estado 34

    Exp  ir al estado 119


Estado 96

   32 Se: RETURN Exp SEMICOLON .

    $default  reduce usando la regla 32 (Se)


Estado 97

   56 lc: lc COMMA . CONSTANT

    CONSTANT  desplazar e ir al estado 120


Estado 98

   54 Exp: INISQR lc ENDSQR .

    $default  reduce usando la regla 54 (Exp)


Estado 99

   15 Cs: Dc ID INIPA . Pa ENDPA
   16   | Dc ID INIPA . ENDPA

    TYPEVAR  desplazar e ir al estado 23
    ENDPA    desplazar e ir al estado 121
    LIST     desplazar e ir al estado 26

    Dc  ir al estado 122
    Pa  ir al estado 123


Estado 100

   40 Exp: Exp . ADDITION Exp
   40    | Exp ADDITION Exp .
   41    | Exp . ATSIGN Exp
   42    | Exp . MINMIN Exp
   43    | Exp . COMPAR Exp
   44    | Exp . EQUALS Exp
   45    | Exp . ORLOG Exp
   46    | Exp . ANDLOG Exp
   47    | Exp . EXOR Exp
   48    | Exp . MULTI Exp
   49    | Exp . CONCATENATE Exp
   50    | Exp . PLUSPLUS Exp ATSIGN Exp

    MINMIN    desplazar e ir al estado 71
    PLUSPLUS  desplazar e ir al estado 72
    ATSIGN    desplazar e ir al estado 73
    MULTI     desplazar e ir al estado 80

    $default  reduce usando la regla 40 (Exp)


Estado 101

   40 Exp: Exp . ADDITION Exp
   41    | Exp . ATSIGN Exp
   42    | Exp . MINMIN Exp
   42    | Exp MINMIN Exp .
   43    | Exp . COMPAR Exp
   44    | Exp . EQUALS Exp
   45    | Exp . ORLOG Exp
   46    | Exp . ANDLOG Exp
   47    | Exp . EXOR Exp
   48    | Exp . MULTI Exp
   49    | Exp . CONCATENATE Exp
   50    | Exp . PLUSPLUS Exp ATSIGN Exp

    ATSIGN  desplazar e ir al estado 73

    $default  reduce usando la regla 42 (Exp)


Estado 102

   40 Exp: Exp . ADDITION Exp
   41    | Exp . ATSIGN Exp
   42    | Exp . MINMIN Exp
   43    | Exp . COMPAR Exp
   44    | Exp . EQUALS Exp
   45    | Exp . ORLOG Exp
   46    | Exp . ANDLOG Exp
   47    | Exp . EXOR Exp
   48    | Exp . MULTI Exp
   49    | Exp . CONCATENATE Exp
   50    | Exp . PLUSPLUS Exp ATSIGN Exp
   50    | Exp PLUSPLUS Exp . ATSIGN Exp

    ADDITION     desplazar e ir al estado 70
    MINMIN       desplazar e ir al estado 71
    PLUSPLUS     desplazar e ir al estado 72
    ATSIGN       desplazar e ir al estado 124
    CONCATENATE  desplazar e ir al estado 74
    ORLOG        desplazar e ir al estado 75
    ANDLOG       desplazar e ir al estado 76
    EXOR         desplazar e ir al estado 77
    EQUALS       desplazar e ir al estado 78
    COMPAR       desplazar e ir al estado 79
    MULTI        desplazar e ir al estado 80


Estado 103

   40 Exp: Exp . ADDITION Exp
   41    | Exp . ATSIGN Exp
   41    | Exp ATSIGN Exp .
   42    | Exp . MINMIN Exp
   43    | Exp . COMPAR Exp
   44    | Exp . EQUALS Exp
   45    | Exp . ORLOG Exp
   46    | Exp . ANDLOG Exp
   47    | Exp . EXOR Exp
   48    | Exp . MULTI Exp
   49    | Exp . CONCATENATE Exp
   50    | Exp . PLUSPLUS Exp ATSIGN Exp

    ATSIGN  desplazar e ir al estado 73

    $default  reduce usando la regla 41 (Exp)


Estado 104

   40 Exp: Exp . ADDITION Exp
   41    | Exp . ATSIGN Exp
   42    | Exp . MINMIN Exp
   43    | Exp . COMPAR Exp
   44    | Exp . EQUALS Exp
   45    | Exp . ORLOG Exp
   46    | Exp . ANDLOG Exp
   47    | Exp . EXOR Exp
   48    | Exp . MULTI Exp
   49    | Exp . CONCATENATE Exp
   49    | Exp CONCATENATE Exp .
   50    | Exp . PLUSPLUS Exp ATSIGN Exp

    ADDITION  desplazar e ir al estado 70
    MINMIN    desplazar e ir al estado 71
    PLUSPLUS  desplazar e ir al estado 72
    ATSIGN    desplazar e ir al estado 73
    ORLOG     desplazar e ir al estado 75
    ANDLOG    desplazar e ir al estado 76
    EXOR      desplazar e ir al estado 77
    EQUALS    desplazar e ir al estado 78
    COMPAR    desplazar e ir al estado 79
    MULTI     desplazar e ir al estado 80

    $default  reduce usando la regla 49 (Exp)


Estado 105

   40 Exp: Exp . ADDITION Exp
   41    | Exp . ATSIGN Exp
   42    | Exp . MINMIN Exp
   43    | Exp . COMPAR Exp
   44    | Exp . EQUALS Exp
   45    | Exp . ORLOG Exp
   45    | Exp ORLOG Exp .
   46    | Exp . ANDLOG Exp
   47    | Exp . EXOR Exp
   48    | Exp . MULTI Exp
   49    | Exp . CONCATENATE Exp
   50    | Exp . PLUSPLUS Exp ATSIGN Exp

    ADDITION  desplazar e ir al estado 70
    MINMIN    desplazar e ir al estado 71
    PLUSPLUS  desplazar e ir al estado 72
    ATSIGN    desplazar e ir al estado 73
    ANDLOG    desplazar e ir al estado 76
    EXOR      desplazar e ir al estado 77
    EQUALS    desplazar e ir al estado 78
    COMPAR    desplazar e ir al estado 79
    MULTI     desplazar e ir al estado 80

    $default  reduce usando la regla 45 (Exp)


Estado 106

   40 Exp: Exp . ADDITION Exp
   41    | Exp . ATSIGN Exp
   42    | Exp . MINMIN Exp
   43    | Exp . COMPAR Exp
   44    | Exp . EQUALS Exp
   45    | Exp . ORLOG Exp
   46    | Exp . ANDLOG Exp
   46    | Exp ANDLOG Exp .
   47    | Exp . EXOR Exp
   48    | Exp . MULTI Exp
   49    | Exp . CONCATENATE Exp
   50    | Exp . PLUSPLUS Exp ATSIGN Exp

    ADDITION  desplazar e ir al estado 70
    MINMIN    desplazar e ir al estado 71
    PLUSPLUS  desplazar e ir al estado 72
    ATSIGN    desplazar e ir al estado 73
    EXOR      desplazar e ir al estado 77
    EQUALS    desplazar e ir al estado 78
    COMPAR    desplazar e ir al estado 79
    MULTI     desplazar e ir al estado 80

    $default  reduce usando la regla 46 (Exp)


Estado 107

   40 Exp: Exp . ADDITION Exp
   41    | Exp . ATSIGN Exp
   42    | Exp . MINMIN Exp
   43    | Exp . COMPAR Exp
   44    | Exp . EQUALS Exp
   45    | Exp . ORLOG Exp
   46    | Exp . ANDLOG Exp
   47    | Exp . EXOR Exp
   47    | Exp EXOR Exp .
   48    | Exp . MULTI Exp
   49    | Exp . CONCATENATE Exp
   50    | Exp . PLUSPLUS Exp ATSIGN Exp

    ADDITION  desplazar e ir al estado 70
    MINMIN    desplazar e ir al estado 71
    PLUSPLUS  desplazar e ir al estado 72
    ATSIGN    desplazar e ir al estado 73
    EQUALS    desplazar e ir al estado 78
    COMPAR    desplazar e ir al estado 79
    MULTI     desplazar e ir al estado 80

    $default  reduce usando la regla 47 (Exp)


Estado 108

   40 Exp: Exp . ADDITION Exp
   41    | Exp . ATSIGN Exp
   42    | Exp . MINMIN Exp
   43    | Exp . COMPAR Exp
   44    | Exp . EQUALS Exp
   44    | Exp EQUALS Exp .
   45    | Exp . ORLOG Exp
   46    | Exp . ANDLOG Exp
   47    | Exp . EXOR Exp
   48    | Exp . MULTI Exp
   49    | Exp . CONCATENATE Exp
   50    | Exp . PLUSPLUS Exp ATSIGN Exp

    ADDITION  desplazar e ir al estado 70
    MINMIN    desplazar e ir al estado 71
    PLUSPLUS  desplazar e ir al estado 72
    ATSIGN    desplazar e ir al estado 73
    COMPAR    desplazar e ir al estado 79
    MULTI     desplazar e ir al estado 80

    $default  reduce usando la regla 44 (Exp)


Estado 109

   40 Exp: Exp . ADDITION Exp
   41    | Exp . ATSIGN Exp
   42    | Exp . MINMIN Exp
   43    | Exp . COMPAR Exp
   43    | Exp COMPAR Exp .
   44    | Exp . EQUALS Exp
   45    | Exp . ORLOG Exp
   46    | Exp . ANDLOG Exp
   47    | Exp . EXOR Exp
   48    | Exp . MULTI Exp
   49    | Exp . CONCATENATE Exp
   50    | Exp . PLUSPLUS Exp ATSIGN Exp

    ADDITION  desplazar e ir al estado 70
    MINMIN    desplazar e ir al estado 71
    PLUSPLUS  desplazar e ir al estado 72
    ATSIGN    desplazar e ir al estado 73
    MULTI     desplazar e ir al estado 80

    $default  reduce usando la regla 43 (Exp)


Estado 110

   40 Exp: Exp . ADDITION Exp
   41    | Exp . ATSIGN Exp
   42    | Exp . MINMIN Exp
   43    | Exp . COMPAR Exp
   44    | Exp . EQUALS Exp
   45    | Exp . ORLOG Exp
   46    | Exp . ANDLOG Exp
   47    | Exp . EXOR Exp
   48    | Exp . MULTI Exp
   48    | Exp MULTI Exp .
   49    | Exp . CONCATENATE Exp
   50    | Exp . PLUSPLUS Exp ATSIGN Exp

    MINMIN    desplazar e ir al estado 71
    PLUSPLUS  desplazar e ir al estado 72
    ATSIGN    desplazar e ir al estado 73

    $default  reduce usando la regla 48 (Exp)


Estado 111

   51 Exp: ID INIPA Vle ENDPA .

    $default  reduce usando la regla 51 (Exp)


Estado 112

   64 Le: Le COMMA . Exp

    error     desplazar e ir al estado 45
    UNARI     desplazar e ir al estado 20
    ADDITION  desplazar e ir al estado 21
    ID        desplazar e ir al estado 46
    INIPA     desplazar e ir al estado 25
    CONSTANT  desplazar e ir al estado 33
    INISQR    desplazar e ir al estado 34

    Exp  ir al estado 125


Estado 113

   25 Se: ID ASIGN Exp SEMICOLON .

    $default  reduce usando la regla 25 (Se)


Estado 114

   26 Se: IF INIPA Exp ENDPA . Se
   27   | IF INIPA Exp ENDPA . Se ELSE Se

    error     desplazar e ir al estado 45
    UNARI     desplazar e ir al estado 20
    ADDITION  desplazar e ir al estado 21
    LISTOP2   desplazar e ir al estado 22
    INIBLO    desplazar e ir al estado 3
    ID        desplazar e ir al estado 24
    INIPA     desplazar e ir al estado 25
    IF        desplazar e ir al estado 27
    FOR       desplazar e ir al estado 28
    WHILE     desplazar e ir al estado 29
    READ      desplazar e ir al estado 30
    PRINT     desplazar e ir al estado 31
    RETURN    desplazar e ir al estado 32
    CONSTANT  desplazar e ir al estado 33
    INISQR    desplazar e ir al estado 34

    B    ir al estado 35
    Se   ir al estado 126
    Exp  ir al estado 41


Estado 115

   29 Se: FOR ID ASIGN Exp . ITEFOR Exp DO Se
   40 Exp: Exp . ADDITION Exp
   41    | Exp . ATSIGN Exp
   42    | Exp . MINMIN Exp
   43    | Exp . COMPAR Exp
   44    | Exp . EQUALS Exp
   45    | Exp . ORLOG Exp
   46    | Exp . ANDLOG Exp
   47    | Exp . EXOR Exp
   48    | Exp . MULTI Exp
   49    | Exp . CONCATENATE Exp
   50    | Exp . PLUSPLUS Exp ATSIGN Exp

    ADDITION     desplazar e ir al estado 70
    MINMIN       desplazar e ir al estado 71
    PLUSPLUS     desplazar e ir al estado 72
    ATSIGN       desplazar e ir al estado 73
    ITEFOR       desplazar e ir al estado 127
    CONCATENATE  desplazar e ir al estado 74
    ORLOG        desplazar e ir al estado 75
    ANDLOG       desplazar e ir al estado 76
    EXOR         desplazar e ir al estado 77
    EQUALS       desplazar e ir al estado 78
    COMPAR       desplazar e ir al estado 79
    MULTI        desplazar e ir al estado 80


Estado 116

   28 Se: WHILE INIPA Exp ENDPA . Se

    error     desplazar e ir al estado 45
    UNARI     desplazar e ir al estado 20
    ADDITION  desplazar e ir al estado 21
    LISTOP2   desplazar e ir al estado 22
    INIBLO    desplazar e ir al estado 3
    ID        desplazar e ir al estado 24
    INIPA     desplazar e ir al estado 25
    IF        desplazar e ir al estado 27
    FOR       desplazar e ir al estado 28
    WHILE     desplazar e ir al estado 29
    READ      desplazar e ir al estado 30
    PRINT     desplazar e ir al estado 31
    RETURN    desplazar e ir al estado 32
    CONSTANT  desplazar e ir al estado 33
    INISQR    desplazar e ir al estado 34

    B    ir al estado 35
    Se   ir al estado 128
    Exp  ir al estado 41


Estado 117

    9 Lv: Lv . COMMA ID
   35 Lvread: WORD COMMA Lv .

    COMMA  desplazar e ir al estado 43

    $default  reduce usando la regla 35 (Lvread)


Estado 118

   59 Lec: Lec COMMA WORD .

    $default  reduce usando la regla 59 (Lec)


Estado 119

   40 Exp: Exp . ADDITION Exp
   41    | Exp . ATSIGN Exp
   42    | Exp . MINMIN Exp
   43    | Exp . COMPAR Exp
   44    | Exp . EQUALS Exp
   45    | Exp . ORLOG Exp
   46    | Exp . ANDLOG Exp
   47    | Exp . EXOR Exp
   48    | Exp . MULTI Exp
   49    | Exp . CONCATENATE Exp
   50    | Exp . PLUSPLUS Exp ATSIGN Exp
   58 Lec: Lec COMMA Exp .

    ADDITION     desplazar e ir al estado 70
    MINMIN       desplazar e ir al estado 71
    PLUSPLUS     desplazar e ir al estado 72
    ATSIGN       desplazar e ir al estado 73
    CONCATENATE  desplazar e ir al estado 74
    ORLOG        desplazar e ir al estado 75
    ANDLOG       desplazar e ir al estado 76
    EXOR         desplazar e ir al estado 77
    EQUALS       desplazar e ir al estado 78
    COMPAR       desplazar e ir al estado 79
    MULTI        desplazar e ir al estado 80

    $default  reduce usando la regla 58 (Lec)


Estado 120

   56 lc: lc COMMA CONSTANT .

    $default  reduce usando la regla 56 (lc)


Estado 121

   16 Cs: Dc ID INIPA ENDPA .

    $default  reduce usando la regla 16 (Cs)


Estado 122

   21 Pa: Dc . ID

    ID  desplazar e ir al estado 129


Estado 123

   15 Cs: Dc ID INIPA Pa . ENDPA
   20 Pa: Pa . COMMA Dc ID

    COMMA  desplazar e ir al estado 130
    ENDPA  desplazar e ir al estado 131


Estado 124

   41 Exp: Exp ATSIGN . Exp
   50    | Exp PLUSPLUS Exp ATSIGN . Exp

    error     desplazar e ir al estado 45
    UNARI     desplazar e ir al estado 20
    ADDITION  desplazar e ir al estado 21
    ID        desplazar e ir al estado 46
    INIPA     desplazar e ir al estado 25
    CONSTANT  desplazar e ir al estado 33
    INISQR    desplazar e ir al estado 34

    Exp  ir al estado 132


Estado 125

   40 Exp: Exp . ADDITION Exp
   41    | Exp . ATSIGN Exp
   42    | Exp . MINMIN Exp
   43    | Exp . COMPAR Exp
   44    | Exp . EQUALS Exp
   45    | Exp . ORLOG Exp
   46    | Exp . ANDLOG Exp
   47    | Exp . EXOR Exp
   48    | Exp . MULTI Exp
   49    | Exp . CONCATENATE Exp
   50    | Exp . PLUSPLUS Exp ATSIGN Exp
   64 Le: Le COMMA Exp .

    ADDITION     desplazar e ir al estado 70
    MINMIN       desplazar e ir al estado 71
    PLUSPLUS     desplazar e ir al estado 72
    ATSIGN       desplazar e ir al estado 73
    CONCATENATE  desplazar e ir al estado 74
    ORLOG        desplazar e ir al estado 75
    ANDLOG       desplazar e ir al estado 76
    EXOR         desplazar e ir al estado 77
    EQUALS       desplazar e ir al estado 78
    COMPAR       desplazar e ir al estado 79
    MULTI        desplazar e ir al estado 80

    $default  reduce usando la regla 64 (Le)


Estado 126

   26 Se: IF INIPA Exp ENDPA Se .
   27   | IF INIPA Exp ENDPA Se . ELSE Se

    ELSE  desplazar e ir al estado 133

    ELSE      [reduce usando la regla 26 (Se)]
    $default  reduce usando la regla 26 (Se)


Estado 127

   29 Se: FOR ID ASIGN Exp ITEFOR . Exp DO Se

    error     desplazar e ir al estado 45
    UNARI     desplazar e ir al estado 20
    ADDITION  desplazar e ir al estado 21
    ID        desplazar e ir al estado 46
    INIPA     desplazar e ir al estado 25
    CONSTANT  desplazar e ir al estado 33
    INISQR    desplazar e ir al estado 34

    Exp  ir al estado 134


Estado 128

   28 Se: WHILE INIPA Exp ENDPA Se .

    $default  reduce usando la regla 28 (Se)


Estado 129

   21 Pa: Dc ID .

    $default  reduce usando la regla 21 (Pa)


Estado 130

   20 Pa: Pa COMMA . Dc ID

    TYPEVAR  desplazar e ir al estado 23
    LIST     desplazar e ir al estado 26

    Dc  ir al estado 135


Estado 131

   15 Cs: Dc ID INIPA Pa ENDPA .

    $default  reduce usando la regla 15 (Cs)


Estado 132

   40 Exp: Exp . ADDITION Exp
   41    | Exp . ATSIGN Exp
   41    | Exp ATSIGN Exp .
   42    | Exp . MINMIN Exp
   43    | Exp . COMPAR Exp
   44    | Exp . EQUALS Exp
   45    | Exp . ORLOG Exp
   46    | Exp . ANDLOG Exp
   47    | Exp . EXOR Exp
   48    | Exp . MULTI Exp
   49    | Exp . CONCATENATE Exp
   50    | Exp . PLUSPLUS Exp ATSIGN Exp
   50    | Exp PLUSPLUS Exp ATSIGN Exp .

    ATSIGN  desplazar e ir al estado 73

    ADDITION     reduce usando la regla 41 (Exp)
    ADDITION     [reduce usando la regla 50 (Exp)]
    MINMIN       reduce usando la regla 41 (Exp)
    MINMIN       [reduce usando la regla 50 (Exp)]
    PLUSPLUS     reduce usando la regla 41 (Exp)
    PLUSPLUS     [reduce usando la regla 50 (Exp)]
    CONCATENATE  reduce usando la regla 41 (Exp)
    CONCATENATE  [reduce usando la regla 50 (Exp)]
    ORLOG        reduce usando la regla 41 (Exp)
    ORLOG        [reduce usando la regla 50 (Exp)]
    ANDLOG       reduce usando la regla 41 (Exp)
    ANDLOG       [reduce usando la regla 50 (Exp)]
    EXOR         reduce usando la regla 41 (Exp)
    EXOR         [reduce usando la regla 50 (Exp)]
    EQUALS       reduce usando la regla 41 (Exp)
    EQUALS       [reduce usando la regla 50 (Exp)]
    COMPAR       reduce usando la regla 41 (Exp)
    COMPAR       [reduce usando la regla 50 (Exp)]
    MULTI        reduce usando la regla 41 (Exp)
    MULTI        [reduce usando la regla 50 (Exp)]
    $default     reduce usando la regla 50 (Exp)


Estado 133

   27 Se: IF INIPA Exp ENDPA Se ELSE . Se

    error     desplazar e ir al estado 45
    UNARI     desplazar e ir al estado 20
    ADDITION  desplazar e ir al estado 21
    LISTOP2   desplazar e ir al estado 22
    INIBLO    desplazar e ir al estado 3
    ID        desplazar e ir al estado 24
    INIPA     desplazar e ir al estado 25
    IF        desplazar e ir al estado 27
    FOR       desplazar e ir al estado 28
    WHILE     desplazar e ir al estado 29
    READ      desplazar e ir al estado 30
    PRINT     desplazar e ir al estado 31
    RETURN    desplazar e ir al estado 32
    CONSTANT  desplazar e ir al estado 33
    INISQR    desplazar e ir al estado 34

    B    ir al estado 35
    Se   ir al estado 136
    Exp  ir al estado 41


Estado 134

   29 Se: FOR ID ASIGN Exp ITEFOR Exp . DO Se
   40 Exp: Exp . ADDITION Exp
   41    | Exp . ATSIGN Exp
   42    | Exp . MINMIN Exp
   43    | Exp . COMPAR Exp
   44    | Exp . EQUALS Exp
   45    | Exp . ORLOG Exp
   46    | Exp . ANDLOG Exp
   47    | Exp . EXOR Exp
   48    | Exp . MULTI Exp
   49    | Exp . CONCATENATE Exp
   50    | Exp . PLUSPLUS Exp ATSIGN Exp

    ADDITION     desplazar e ir al estado 70
    MINMIN       desplazar e ir al estado 71
    PLUSPLUS     desplazar e ir al estado 72
    ATSIGN       desplazar e ir al estado 73
    DO           desplazar e ir al estado 137
    CONCATENATE  desplazar e ir al estado 74
    ORLOG        desplazar e ir al estado 75
    ANDLOG       desplazar e ir al estado 76
    EXOR         desplazar e ir al estado 77
    EQUALS       desplazar e ir al estado 78
    COMPAR       desplazar e ir al estado 79
    MULTI        desplazar e ir al estado 80


Estado 135

   20 Pa: Pa COMMA Dc . ID

    ID  desplazar e ir al estado 138


Estado 136

   27 Se: IF INIPA Exp ENDPA Se ELSE Se .

    $default  reduce usando la regla 27 (Se)


Estado 137

   29 Se: FOR ID ASIGN Exp ITEFOR Exp DO . Se

    error     desplazar e ir al estado 45
    UNARI     desplazar e ir al estado 20
    ADDITION  desplazar e ir al estado 21
    LISTOP2   desplazar e ir al estado 22
    INIBLO    desplazar e ir al estado 3
    ID        desplazar e ir al estado 24
    INIPA     desplazar e ir al estado 25
    IF        desplazar e ir al estado 27
    FOR       desplazar e ir al estado 28
    WHILE     desplazar e ir al estado 29
    READ      desplazar e ir al estado 30
    PRINT     desplazar e ir al estado 31
    RETURN    desplazar e ir al estado 32
    CONSTANT  desplazar e ir al estado 33
    INISQR    desplazar e ir al estado 34

    B    ir al estado 35
    Se   ir al estado 139
    Exp  ir al estado 41


Estado 138

   20 Pa: Pa COMMA Dc ID .

    $default  reduce usando la regla 20 (Pa)


Estado 139

   29 Se: FOR ID ASIGN Exp ITEFOR Exp DO Se .

    $default  reduce usando la regla 29 (Se)
